<?xml version="1.0" encoding="UTF-8"?>
<!-- Generated by org.testng.reporters.JUnitReportReporter -->
<testsuite hostname="pc-linuxshop-8765" failures="0" tests="1" name="com.opentuto.test.TestNGSimpleTest" time="0.009" errors="0" timestamp="2020-01-11T22:21:06 CET" skipped="0">
  <testcase classname="com.opentuto.test.TestNGSimpleTest" name="testAdd" time="0.009"/>
</testsuite> <!-- com.opentuto.test.TestNGSimpleTest -->
